[0.176s] DEBUG:colcon:Command line arguments: ['/usr/bin/colcon', 'build', '--packages-select', 'turtlesim']
[0.176s] DEBUG:colcon:Parsed command line arguments: Namespace(log_base=None, log_level=None, verb_name='build', build_base='build', install_base='install', merge_install=False, symlink_install=False, test_result_base=None, continue_on_error=False, executor='parallel', parallel_workers=4, event_handlers=None, ignore_user_meta=False, metas=['./colcon.meta'], base_paths=['.'], packages_ignore=None, packages_ignore_regex=None, paths=None, packages_up_to=None, packages_up_to_regex=None, packages_above=None, packages_above_and_dependencies=None, packages_above_depth=None, packages_select_by_dep=None, packages_skip_by_dep=None, packages_skip_up_to=None, packages_select_build_failed=False, packages_skip_build_finished=False, packages_select_test_failures=False, packages_skip_test_passed=False, packages_select=['turtlesim'], packages_skip=None, packages_select_regex=None, packages_skip_regex=None, packages_start=None, packages_end=None, cmake_args=None, cmake_target=None, cmake_target_skip_unavailable=False, cmake_clean_cache=False, cmake_clean_first=False, cmake_force_configure=False, ament_cmake_args=None, catkin_cmake_args=None, catkin_skip_building_tests=False, mixin_files=None, mixin=None, verb_parser=<colcon_mixin.mixin.mixin_argument.MixinArgumentDecorator object at 0x7fd2873b5130>, verb_extension=<colcon_core.verb.build.BuildVerb object at 0x7fd28756e390>, main=<bound method BuildVerb.main of <colcon_core.verb.build.BuildVerb object at 0x7fd28756e390>>, mixin_verb=('build',))
[0.220s] Level 1:colcon.colcon_core.package_discovery:discover_packages(colcon_meta) check parameters
[0.220s] Level 1:colcon.colcon_core.package_discovery:discover_packages(recursive) check parameters
[0.220s] Level 1:colcon.colcon_core.package_discovery:discover_packages(ignore) check parameters
[0.220s] Level 1:colcon.colcon_core.package_discovery:discover_packages(path) check parameters
[0.220s] Level 1:colcon.colcon_core.package_discovery:discover_packages(colcon_meta) discover
[0.220s] Level 1:colcon.colcon_core.package_discovery:discover_packages(recursive) discover
[0.220s] INFO:colcon.colcon_core.package_discovery:Crawling recursively for packages in '/home/ubuntu/workbench/ex02/ros2_turtle_ws'
[0.220s] Level 1:colcon.colcon_core.package_identification:_identify(.) by extensions ['ignore', 'ignore_ament_install']
[0.220s] Level 1:colcon.colcon_core.package_identification:_identify(.) by extension 'ignore'
[0.220s] Level 1:colcon.colcon_core.package_identification:_identify(.) by extension 'ignore_ament_install'
[0.220s] Level 1:colcon.colcon_core.package_identification:_identify(.) by extensions ['colcon_pkg']
[0.221s] Level 1:colcon.colcon_core.package_identification:_identify(.) by extension 'colcon_pkg'
[0.221s] Level 1:colcon.colcon_core.package_identification:_identify(.) by extensions ['colcon_meta']
[0.221s] Level 1:colcon.colcon_core.package_identification:_identify(.) by extension 'colcon_meta'
[0.221s] Level 1:colcon.colcon_core.package_identification:_identify(.) by extensions ['ros']
[0.221s] Level 1:colcon.colcon_core.package_identification:_identify(.) by extension 'ros'
[0.244s] Level 1:colcon.colcon_core.package_identification:_identify(.) by extensions ['cmake', 'python']
[0.244s] Level 1:colcon.colcon_core.package_identification:_identify(.) by extension 'cmake'
[0.244s] Level 1:colcon.colcon_core.package_identification:_identify(.) by extension 'python'
[0.244s] Level 1:colcon.colcon_core.package_identification:_identify(.) by extensions ['python_setup_py']
[0.244s] Level 1:colcon.colcon_core.package_identification:_identify(.) by extension 'python_setup_py'
[0.245s] Level 1:colcon.colcon_core.package_identification:_identify(build) by extensions ['ignore', 'ignore_ament_install']
[0.245s] Level 1:colcon.colcon_core.package_identification:_identify(build) by extension 'ignore'
[0.245s] Level 1:colcon.colcon_core.package_identification:_identify(build) ignored
[0.245s] Level 1:colcon.colcon_core.package_identification:_identify(install) by extensions ['ignore', 'ignore_ament_install']
[0.245s] Level 1:colcon.colcon_core.package_identification:_identify(install) by extension 'ignore'
[0.245s] Level 1:colcon.colcon_core.package_identification:_identify(install) ignored
[0.245s] Level 1:colcon.colcon_core.package_identification:_identify(log) by extensions ['ignore', 'ignore_ament_install']
[0.245s] Level 1:colcon.colcon_core.package_identification:_identify(log) by extension 'ignore'
[0.245s] Level 1:colcon.colcon_core.package_identification:_identify(log) ignored
[0.245s] Level 1:colcon.colcon_core.package_identification:_identify(turtlesim) by extensions ['ignore', 'ignore_ament_install']
[0.245s] Level 1:colcon.colcon_core.package_identification:_identify(turtlesim) by extension 'ignore'
[0.245s] Level 1:colcon.colcon_core.package_identification:_identify(turtlesim) by extension 'ignore_ament_install'
[0.245s] Level 1:colcon.colcon_core.package_identification:_identify(turtlesim) by extensions ['colcon_pkg']
[0.245s] Level 1:colcon.colcon_core.package_identification:_identify(turtlesim) by extension 'colcon_pkg'
[0.245s] Level 1:colcon.colcon_core.package_identification:_identify(turtlesim) by extensions ['colcon_meta']
[0.245s] Level 1:colcon.colcon_core.package_identification:_identify(turtlesim) by extension 'colcon_meta'
[0.245s] Level 1:colcon.colcon_core.package_identification:_identify(turtlesim) by extensions ['ros']
[0.245s] Level 1:colcon.colcon_core.package_identification:_identify(turtlesim) by extension 'ros'
[0.248s] DEBUG:colcon.colcon_core.package_identification:Package 'turtlesim' with type 'ros.ament_cmake' and name 'turtlesim'
[0.248s] Level 1:colcon.colcon_core.package_discovery:discover_packages(recursive) using defaults
[0.248s] Level 1:colcon.colcon_core.package_discovery:discover_packages(ignore) discover
[0.248s] Level 1:colcon.colcon_core.package_discovery:discover_packages(ignore) using defaults
[0.248s] Level 1:colcon.colcon_core.package_discovery:discover_packages(path) discover
[0.248s] Level 1:colcon.colcon_core.package_discovery:discover_packages(path) using defaults
[0.266s] Level 5:colcon.colcon_core.verb:set package 'turtlesim' build argument 'cmake_args' from command line to 'None'
[0.266s] Level 5:colcon.colcon_core.verb:set package 'turtlesim' build argument 'cmake_target' from command line to 'None'
[0.266s] Level 5:colcon.colcon_core.verb:set package 'turtlesim' build argument 'cmake_target_skip_unavailable' from command line to 'False'
[0.266s] Level 5:colcon.colcon_core.verb:set package 'turtlesim' build argument 'cmake_clean_cache' from command line to 'False'
[0.266s] Level 5:colcon.colcon_core.verb:set package 'turtlesim' build argument 'cmake_clean_first' from command line to 'False'
[0.266s] Level 5:colcon.colcon_core.verb:set package 'turtlesim' build argument 'cmake_force_configure' from command line to 'False'
[0.266s] Level 5:colcon.colcon_core.verb:set package 'turtlesim' build argument 'ament_cmake_args' from command line to 'None'
[0.266s] Level 5:colcon.colcon_core.verb:set package 'turtlesim' build argument 'catkin_cmake_args' from command line to 'None'
[0.266s] Level 5:colcon.colcon_core.verb:set package 'turtlesim' build argument 'catkin_skip_building_tests' from command line to 'False'
[0.266s] DEBUG:colcon.colcon_core.verb:Building package 'turtlesim' with the following arguments: {'ament_cmake_args': None, 'build_base': '/home/ubuntu/workbench/ex02/ros2_turtle_ws/build/turtlesim', 'catkin_cmake_args': None, 'catkin_skip_building_tests': False, 'cmake_args': None, 'cmake_clean_cache': False, 'cmake_clean_first': False, 'cmake_force_configure': False, 'cmake_target': None, 'cmake_target_skip_unavailable': False, 'install_base': '/home/ubuntu/workbench/ex02/ros2_turtle_ws/install/turtlesim', 'merge_install': False, 'path': '/home/ubuntu/workbench/ex02/ros2_turtle_ws/turtlesim', 'symlink_install': False, 'test_result_base': None}
[0.266s] INFO:colcon.colcon_core.executor:Executing jobs using 'parallel' executor
[0.267s] DEBUG:colcon.colcon_parallel_executor.executor.parallel:run_until_complete
[0.267s] INFO:colcon.colcon_ros.task.ament_cmake.build:Building ROS package in '/home/ubuntu/workbench/ex02/ros2_turtle_ws/turtlesim' with build type 'ament_cmake'
[0.267s] INFO:colcon.colcon_cmake.task.cmake.build:Building CMake package in '/home/ubuntu/workbench/ex02/ros2_turtle_ws/turtlesim'
[0.270s] INFO:colcon.colcon_core.plugin_system:Skipping extension 'colcon_core.shell.bat': Not used on non-Windows systems
[0.270s] INFO:colcon.colcon_core.shell:Skip shell extension 'powershell' for command environment: Not usable outside of PowerShell
[0.270s] DEBUG:colcon.colcon_core.shell:Skip shell extension 'dsv' for command environment
[0.282s] DEBUG:colcon.colcon_core.event_handler.log_command:Invoking command in '/home/ubuntu/workbench/ex02/ros2_turtle_ws/build/turtlesim': CMAKE_PREFIX_PATH=${CMAKE_PREFIX_PATH}:/opt/ros/jazzy /usr/bin/cmake /home/ubuntu/workbench/ex02/ros2_turtle_ws/turtlesim -DCMAKE_INSTALL_PREFIX=/home/ubuntu/workbench/ex02/ros2_turtle_ws/install/turtlesim
[3.487s] DEBUG:colcon.colcon_core.event_handler.log_command:Invoked command in '/home/ubuntu/workbench/ex02/ros2_turtle_ws/build/turtlesim' returned '0': CMAKE_PREFIX_PATH=${CMAKE_PREFIX_PATH}:/opt/ros/jazzy /usr/bin/cmake /home/ubuntu/workbench/ex02/ros2_turtle_ws/turtlesim -DCMAKE_INSTALL_PREFIX=/home/ubuntu/workbench/ex02/ros2_turtle_ws/install/turtlesim
[3.488s] DEBUG:colcon.colcon_core.event_handler.log_command:Invoking command in '/home/ubuntu/workbench/ex02/ros2_turtle_ws/build/turtlesim': CMAKE_PREFIX_PATH=${CMAKE_PREFIX_PATH}:/opt/ros/jazzy /usr/bin/cmake --build /home/ubuntu/workbench/ex02/ros2_turtle_ws/build/turtlesim -- -j4 -l4
[39.445s] DEBUG:colcon.colcon_core.event_handler.log_command:Invoked command in '/home/ubuntu/workbench/ex02/ros2_turtle_ws/build/turtlesim' returned '0': CMAKE_PREFIX_PATH=${CMAKE_PREFIX_PATH}:/opt/ros/jazzy /usr/bin/cmake --build /home/ubuntu/workbench/ex02/ros2_turtle_ws/build/turtlesim -- -j4 -l4
[39.457s] DEBUG:colcon.colcon_core.event_handler.log_command:Invoking command in '/home/ubuntu/workbench/ex02/ros2_turtle_ws/build/turtlesim': CMAKE_PREFIX_PATH=${CMAKE_PREFIX_PATH}:/opt/ros/jazzy /usr/bin/cmake --install /home/ubuntu/workbench/ex02/ros2_turtle_ws/build/turtlesim
[39.587s] Level 1:colcon.colcon_core.environment:create_environment_scripts_only(turtlesim)
[39.589s] DEBUG:colcon.colcon_core.event_handler.log_command:Invoked command in '/home/ubuntu/workbench/ex02/ros2_turtle_ws/build/turtlesim' returned '0': CMAKE_PREFIX_PATH=${CMAKE_PREFIX_PATH}:/opt/ros/jazzy /usr/bin/cmake --install /home/ubuntu/workbench/ex02/ros2_turtle_ws/build/turtlesim
[39.597s] Level 1:colcon.colcon_core.environment:checking '/home/ubuntu/workbench/ex02/ros2_turtle_ws/install/turtlesim' for CMake module files
[39.598s] Level 1:colcon.colcon_core.environment:checking '/home/ubuntu/workbench/ex02/ros2_turtle_ws/install/turtlesim' for CMake config files
[39.598s] Level 1:colcon.colcon_core.shell:create_environment_hook('turtlesim', 'cmake_prefix_path')
[39.599s] INFO:colcon.colcon_core.shell:Creating environment hook '/home/ubuntu/workbench/ex02/ros2_turtle_ws/install/turtlesim/share/turtlesim/hook/cmake_prefix_path.ps1'
[39.601s] INFO:colcon.colcon_core.shell:Creating environment descriptor '/home/ubuntu/workbench/ex02/ros2_turtle_ws/install/turtlesim/share/turtlesim/hook/cmake_prefix_path.dsv'
[39.602s] INFO:colcon.colcon_core.shell:Creating environment hook '/home/ubuntu/workbench/ex02/ros2_turtle_ws/install/turtlesim/share/turtlesim/hook/cmake_prefix_path.sh'
[39.603s] Level 1:colcon.colcon_core.environment:checking '/home/ubuntu/workbench/ex02/ros2_turtle_ws/install/turtlesim/lib'
[39.603s] Level 1:colcon.colcon_core.shell:create_environment_hook('turtlesim', 'ld_library_path_lib')
[39.603s] INFO:colcon.colcon_core.shell:Creating environment hook '/home/ubuntu/workbench/ex02/ros2_turtle_ws/install/turtlesim/share/turtlesim/hook/ld_library_path_lib.ps1'
[39.604s] INFO:colcon.colcon_core.shell:Creating environment descriptor '/home/ubuntu/workbench/ex02/ros2_turtle_ws/install/turtlesim/share/turtlesim/hook/ld_library_path_lib.dsv'
[39.604s] INFO:colcon.colcon_core.shell:Creating environment hook '/home/ubuntu/workbench/ex02/ros2_turtle_ws/install/turtlesim/share/turtlesim/hook/ld_library_path_lib.sh'
[39.604s] Level 1:colcon.colcon_core.environment:checking '/home/ubuntu/workbench/ex02/ros2_turtle_ws/install/turtlesim/bin'
[39.604s] Level 1:colcon.colcon_core.environment:checking '/home/ubuntu/workbench/ex02/ros2_turtle_ws/install/turtlesim/lib/pkgconfig/turtlesim.pc'
[39.613s] Level 1:colcon.colcon_core.environment:checking '/home/ubuntu/workbench/ex02/ros2_turtle_ws/install/turtlesim/lib/python3.12/site-packages'
[39.613s] Level 1:colcon.colcon_core.shell:create_environment_hook('turtlesim', 'pythonpath')
[39.613s] INFO:colcon.colcon_core.shell:Creating environment hook '/home/ubuntu/workbench/ex02/ros2_turtle_ws/install/turtlesim/share/turtlesim/hook/pythonpath.ps1'
[39.613s] INFO:colcon.colcon_core.shell:Creating environment descriptor '/home/ubuntu/workbench/ex02/ros2_turtle_ws/install/turtlesim/share/turtlesim/hook/pythonpath.dsv'
[39.614s] INFO:colcon.colcon_core.shell:Creating environment hook '/home/ubuntu/workbench/ex02/ros2_turtle_ws/install/turtlesim/share/turtlesim/hook/pythonpath.sh'
[39.614s] Level 1:colcon.colcon_core.environment:checking '/home/ubuntu/workbench/ex02/ros2_turtle_ws/install/turtlesim/bin'
[39.614s] INFO:colcon.colcon_core.shell:Creating package script '/home/ubuntu/workbench/ex02/ros2_turtle_ws/install/turtlesim/share/turtlesim/package.ps1'
[39.615s] INFO:colcon.colcon_core.shell:Creating package descriptor '/home/ubuntu/workbench/ex02/ros2_turtle_ws/install/turtlesim/share/turtlesim/package.dsv'
[39.615s] INFO:colcon.colcon_core.shell:Creating package script '/home/ubuntu/workbench/ex02/ros2_turtle_ws/install/turtlesim/share/turtlesim/package.sh'
[39.616s] INFO:colcon.colcon_core.shell:Creating package script '/home/ubuntu/workbench/ex02/ros2_turtle_ws/install/turtlesim/share/turtlesim/package.bash'
[39.617s] INFO:colcon.colcon_core.shell:Creating package script '/home/ubuntu/workbench/ex02/ros2_turtle_ws/install/turtlesim/share/turtlesim/package.zsh'
[39.617s] Level 1:colcon.colcon_core.environment:create_file_with_runtime_dependencies(/home/ubuntu/workbench/ex02/ros2_turtle_ws/install/turtlesim/share/colcon-core/packages/turtlesim)
[39.618s] Level 1:colcon.colcon_core.environment:create_environment_scripts_only(turtlesim)
[39.618s] Level 1:colcon.colcon_core.environment:checking '/home/ubuntu/workbench/ex02/ros2_turtle_ws/install/turtlesim' for CMake module files
[39.619s] Level 1:colcon.colcon_core.environment:checking '/home/ubuntu/workbench/ex02/ros2_turtle_ws/install/turtlesim' for CMake config files
[39.619s] Level 1:colcon.colcon_core.shell:create_environment_hook('turtlesim', 'cmake_prefix_path')
[39.619s] INFO:colcon.colcon_core.shell:Creating environment hook '/home/ubuntu/workbench/ex02/ros2_turtle_ws/install/turtlesim/share/turtlesim/hook/cmake_prefix_path.ps1'
[39.620s] INFO:colcon.colcon_core.shell:Creating environment descriptor '/home/ubuntu/workbench/ex02/ros2_turtle_ws/install/turtlesim/share/turtlesim/hook/cmake_prefix_path.dsv'
[39.620s] INFO:colcon.colcon_core.shell:Creating environment hook '/home/ubuntu/workbench/ex02/ros2_turtle_ws/install/turtlesim/share/turtlesim/hook/cmake_prefix_path.sh'
[39.620s] Level 1:colcon.colcon_core.environment:checking '/home/ubuntu/workbench/ex02/ros2_turtle_ws/install/turtlesim/lib'
[39.620s] Level 1:colcon.colcon_core.shell:create_environment_hook('turtlesim', 'ld_library_path_lib')
[39.620s] INFO:colcon.colcon_core.shell:Creating environment hook '/home/ubuntu/workbench/ex02/ros2_turtle_ws/install/turtlesim/share/turtlesim/hook/ld_library_path_lib.ps1'
[39.621s] INFO:colcon.colcon_core.shell:Creating environment descriptor '/home/ubuntu/workbench/ex02/ros2_turtle_ws/install/turtlesim/share/turtlesim/hook/ld_library_path_lib.dsv'
[39.621s] INFO:colcon.colcon_core.shell:Creating environment hook '/home/ubuntu/workbench/ex02/ros2_turtle_ws/install/turtlesim/share/turtlesim/hook/ld_library_path_lib.sh'
[39.621s] Level 1:colcon.colcon_core.environment:checking '/home/ubuntu/workbench/ex02/ros2_turtle_ws/install/turtlesim/bin'
[39.621s] Level 1:colcon.colcon_core.environment:checking '/home/ubuntu/workbench/ex02/ros2_turtle_ws/install/turtlesim/lib/pkgconfig/turtlesim.pc'
[39.621s] Level 1:colcon.colcon_core.environment:checking '/home/ubuntu/workbench/ex02/ros2_turtle_ws/install/turtlesim/lib/python3.12/site-packages'
[39.621s] Level 1:colcon.colcon_core.shell:create_environment_hook('turtlesim', 'pythonpath')
[39.621s] INFO:colcon.colcon_core.shell:Creating environment hook '/home/ubuntu/workbench/ex02/ros2_turtle_ws/install/turtlesim/share/turtlesim/hook/pythonpath.ps1'
[39.622s] INFO:colcon.colcon_core.shell:Creating environment descriptor '/home/ubuntu/workbench/ex02/ros2_turtle_ws/install/turtlesim/share/turtlesim/hook/pythonpath.dsv'
[39.622s] INFO:colcon.colcon_core.shell:Creating environment hook '/home/ubuntu/workbench/ex02/ros2_turtle_ws/install/turtlesim/share/turtlesim/hook/pythonpath.sh'
[39.622s] Level 1:colcon.colcon_core.environment:checking '/home/ubuntu/workbench/ex02/ros2_turtle_ws/install/turtlesim/bin'
[39.622s] INFO:colcon.colcon_core.shell:Creating package script '/home/ubuntu/workbench/ex02/ros2_turtle_ws/install/turtlesim/share/turtlesim/package.ps1'
[39.623s] INFO:colcon.colcon_core.shell:Creating package descriptor '/home/ubuntu/workbench/ex02/ros2_turtle_ws/install/turtlesim/share/turtlesim/package.dsv'
[39.623s] INFO:colcon.colcon_core.shell:Creating package script '/home/ubuntu/workbench/ex02/ros2_turtle_ws/install/turtlesim/share/turtlesim/package.sh'
[39.623s] INFO:colcon.colcon_core.shell:Creating package script '/home/ubuntu/workbench/ex02/ros2_turtle_ws/install/turtlesim/share/turtlesim/package.bash'
[39.624s] INFO:colcon.colcon_core.shell:Creating package script '/home/ubuntu/workbench/ex02/ros2_turtle_ws/install/turtlesim/share/turtlesim/package.zsh'
[39.624s] Level 1:colcon.colcon_core.environment:create_file_with_runtime_dependencies(/home/ubuntu/workbench/ex02/ros2_turtle_ws/install/turtlesim/share/colcon-core/packages/turtlesim)
[39.624s] DEBUG:colcon.colcon_parallel_executor.executor.parallel:closing loop
[39.625s] DEBUG:colcon.colcon_parallel_executor.executor.parallel:loop closed
[39.625s] DEBUG:colcon.colcon_parallel_executor.executor.parallel:run_until_complete finished with '0'
[39.625s] DEBUG:colcon.colcon_core.event_reactor:joining thread
[39.643s] INFO:colcon.colcon_core.plugin_system:Skipping extension 'colcon_notification.desktop_notification.notify_send': Could not find 'notify-send'
[39.643s] INFO:colcon.colcon_core.plugin_system:Skipping extension 'colcon_notification.desktop_notification.terminal_notifier': Not used on non-Darwin systems
[39.643s] INFO:colcon.colcon_core.plugin_system:Skipping extension 'colcon_notification.desktop_notification.win32': Not used on non-Windows systems
[39.643s] INFO:colcon.colcon_notification.desktop_notification:Sending desktop notification using 'notify2'
[39.652s] DEBUG:colcon.colcon_notification.desktop_notification.notify2:Failed to initialize notify2: org.freedesktop.DBus.Error.Spawn.ExecFailed: /usr/bin/dbus-launch terminated abnormally without any error message
[39.652s] DEBUG:colcon.colcon_core.event_reactor:joined thread
[39.655s] INFO:colcon.colcon_core.shell:Creating prefix script '/home/ubuntu/workbench/ex02/ros2_turtle_ws/install/local_setup.ps1'
[39.656s] INFO:colcon.colcon_core.shell:Creating prefix util module '/home/ubuntu/workbench/ex02/ros2_turtle_ws/install/_local_setup_util_ps1.py'
[39.658s] INFO:colcon.colcon_core.shell:Creating prefix chain script '/home/ubuntu/workbench/ex02/ros2_turtle_ws/install/setup.ps1'
[39.663s] INFO:colcon.colcon_core.shell:Creating prefix script '/home/ubuntu/workbench/ex02/ros2_turtle_ws/install/local_setup.sh'
[39.663s] INFO:colcon.colcon_core.shell:Creating prefix util module '/home/ubuntu/workbench/ex02/ros2_turtle_ws/install/_local_setup_util_sh.py'
[39.664s] INFO:colcon.colcon_core.shell:Creating prefix chain script '/home/ubuntu/workbench/ex02/ros2_turtle_ws/install/setup.sh'
[39.665s] INFO:colcon.colcon_core.shell:Creating prefix script '/home/ubuntu/workbench/ex02/ros2_turtle_ws/install/local_setup.bash'
[39.666s] INFO:colcon.colcon_core.shell:Creating prefix chain script '/home/ubuntu/workbench/ex02/ros2_turtle_ws/install/setup.bash'
[39.667s] INFO:colcon.colcon_core.shell:Creating prefix script '/home/ubuntu/workbench/ex02/ros2_turtle_ws/install/local_setup.zsh'
[39.668s] INFO:colcon.colcon_core.shell:Creating prefix chain script '/home/ubuntu/workbench/ex02/ros2_turtle_ws/install/setup.zsh'
